<?xml version="1.0" encoding="UTF-8"?>
<testng-results ignored="0" total="1" passed="1" failed="0" skipped="0">
  <reporter-output>
  </reporter-output>
  <suite started-at="2022-10-18T17:30:37 CDT" name="Default suite" finished-at="2022-10-18T17:31:17 CDT" duration-ms="40506">
    <groups>
      <group name="cucumber">
        <method signature="AbstractTestNGCucumberTests.feature(cucumber.api.testng.CucumberFeatureWrapper)[pri:0, instance:TestRunnerTombile.TmobileTestRunner@29e495ff]" name="feature" class="cucumber.api.testng.AbstractTestNGCucumberTests"/>
      </group> <!-- cucumber -->
    </groups>
    <test started-at="2022-10-18T17:30:37 CDT" name="Default test" finished-at="2022-10-18T17:31:17 CDT" duration-ms="40506">
      <class name="TestRunnerTombile.TmobileTestRunner">
        <test-method is-config="true" signature="setUpClass()[pri:0, instance:TestRunnerTombile.TmobileTestRunner@29e495ff]" started-at="2022-10-18T17:30:37 CDT" name="setUpClass" finished-at="2022-10-18T17:30:37 CDT" duration-ms="253" status="PASS">
          <reporter-output>
          </reporter-output>
        </test-method> <!-- setUpClass -->
        <test-method signature="feature(cucumber.api.testng.CucumberFeatureWrapper)[pri:0, instance:TestRunnerTombile.TmobileTestRunner@29e495ff]" started-at="2022-10-18T17:30:37 CDT" name="feature" description="Runs Cucumber Feature" data-provider="features" finished-at="2022-10-18T17:31:17 CDT" duration-ms="40036" status="PASS">
          <params>
            <param index="0">
              <value>
                <![CDATA[Tombile application functionality]]>
              </value>
            </param>
          </params>
          <reporter-output>
          </reporter-output>
        </test-method> <!-- feature -->
        <test-method is-config="true" signature="tearDownClass()[pri:0, instance:TestRunnerTombile.TmobileTestRunner@29e495ff]" started-at="2022-10-18T17:31:17 CDT" name="tearDownClass" finished-at="2022-10-18T17:31:17 CDT" duration-ms="33" status="PASS">
          <reporter-output>
          </reporter-output>
        </test-method> <!-- tearDownClass -->
      </class> <!-- TestRunnerTombile.TmobileTestRunner -->
    </test> <!-- Default test -->
  </suite> <!-- Default suite -->
</testng-results>
